<?xml version="1.0" encoding="UTF-8"?>
<testsuite xmlns:xsi="http://www.w3.org/2001/XMLSchema-instance" xsi:noNamespaceSchemaLocation="https://maven.apache.org/surefire/maven-surefire-plugin/xsd/surefire-test-report-3.0.xsd" version="3.0" name="com.qdu.TrainApplicationTests" time="6.772" tests="1" errors="0" skipped="0" failures="0">
  <properties>
[...]
</properties>
  <testcase name="contextLoads" classname="com.qdu.TrainApplicationTests" time="0.605">
    <system-out><![CDATA[04:14:20.516 [main] INFO org.springframework.test.context.support.AnnotationConfigContextLoaderUtils -- Could not detect default configuration classes for test class [com.qdu.TrainApplicationTests]: TrainApplicationTests does not declare any static, non-private, non-final, nested classes annotated with @Configuration.
04:14:20.612 [main] INFO org.springframework.boot.test.context.SpringBootTestContextBootstrapper -- Found @SpringBootConfiguration com.qdu.TrainApplication for test class com.qdu.TrainApplicationTests
04:14:20.775 [main] INFO org.springframework.boot.devtools.restart.RestartApplicationListener -- Restart disabled due to context in which it is running

  .   ____          _            __ _ _
 /\\ / ___'_ __ _ _(_)_ __  __ _ \ \ \ \
( ( )\___ | '_ | '_| | '_ \/ _` | \ \ \ \
 \\/  ___)| |_)| | | | | || (_| |  ) ) ) )
  '  |____| .__|_| |_|_| |_\__, | / / / /
 =========|_|==============|___/=/_/_/_/
 :: Spring Boot ::                (v3.2.5)

2025-04-06T04:14:21.035+08:00  WARN 15264 --- [           main] ory$DuplicateJsonObjectContextCustomizer : 

Found multiple occurrences of org.json.JSONObject on the class path:

	jar:file:/C:/repmvn/com/vaadin/external/google/android-json/0.0.20131108.vaadin1/android-json-0.0.20131108.vaadin1.jar!/org/json/JSONObject.class
	jar:file:/C:/repmvn/org/json/json/20240303/json-20240303.jar!/org/json/JSONObject.class

You may wish to exclude one of them to ensure predictable runtime behavior

2025-04-06T04:14:21.049+08:00  INFO 15264 --- [           main] com.qdu.TrainApplicationTests            : Starting TrainApplicationTests using Java 17.0.14 with PID 15264 (started by Xuzengrun in D:\train_system\train46)
2025-04-06T04:14:21.050+08:00  INFO 15264 --- [           main] com.qdu.TrainApplicationTests            : No active profile set, falling back to 1 default profile: "default"
2025-04-06T04:14:21.077+08:00 DEBUG 15264 --- [           main] o.s.w.c.s.GenericWebApplicationContext   : Refreshing org.springframework.web.context.support.GenericWebApplicationContext@46044faa
2025-04-06T04:14:21.844+08:00  INFO 15264 --- [           main] .s.d.r.c.RepositoryConfigurationDelegate : Multiple Spring Data modules found, entering strict repository configuration mode
2025-04-06T04:14:21.846+08:00  INFO 15264 --- [           main] .s.d.r.c.RepositoryConfigurationDelegate : Bootstrapping Spring Data Redis repositories in DEFAULT mode.
2025-04-06T04:14:21.882+08:00  INFO 15264 --- [           main] .s.d.r.c.RepositoryConfigurationDelegate : Finished Spring Data repository scanning in 22 ms. Found 0 Redis repository interfaces.
Logging initialized using 'class org.apache.ibatis.logging.stdout.StdOutImpl' adapter.
Initialization Sequence datacenterId:0 workerId:28
 _ _   |_  _ _|_. ___ _ |    _ 
| | |\/|_)(_| | |_\  |_)||_|_\ 
     /               |         
                        3.5.5 
Can not find table primary key in Class: "com.qdu.entity.Train".
2025-04-06T04:14:23.435+08:00  WARN 15264 --- [           main] c.b.m.core.injector.DefaultSqlInjector   : class com.qdu.entity.Train ,Not found @TableId annotation, Cannot use Mybatis-Plus 'xxById' Method.
2025-04-06T04:14:24.139+08:00  INFO 15264 --- [           main] o.s.b.a.w.s.WelcomePageHandlerMapping    : Adding welcome page: class path resource [static/index.html]
2025-04-06T04:14:24.213+08:00 DEBUG 15264 --- [           main] s.w.s.m.m.a.RequestMappingHandlerMapping : 11 mappings in 'requestMappingHandlerMapping'
2025-04-06T04:14:24.296+08:00 DEBUG 15264 --- [           main] o.s.w.s.handler.SimpleUrlHandlerMapping  : Patterns [/webjars/**, /**] in 'resourceHandlerMapping'
2025-04-06T04:14:24.350+08:00  INFO 15264 --- [           main] o.s.s.web.DefaultSecurityFilterChain     : Will secure any request with [org.springframework.security.web.session.DisableEncodeUrlFilter@5f4e389a, org.springframework.security.web.context.request.async.WebAsyncManagerIntegrationFilter@3ba1f56e, org.springframework.security.web.context.SecurityContextHolderFilter@5f9ccd0c, org.springframework.security.web.header.HeaderWriterFilter@75da2db, org.springframework.web.filter.CorsFilter@56a9b662, org.springframework.security.web.authentication.logout.LogoutFilter@4bceac99, com.qdu.common.JwtAuthenticationFilter@77881b7a, org.springframework.security.web.savedrequest.RequestCacheAwareFilter@609ad016, org.springframework.security.web.servletapi.SecurityContextHolderAwareRequestFilter@da9374c, org.springframework.security.web.authentication.AnonymousAuthenticationFilter@59ac77f9, org.springframework.security.web.session.SessionManagementFilter@42cf5a6f, org.springframework.security.web.access.ExceptionTranslationFilter@5617168c, org.springframework.security.web.access.intercept.AuthorizationFilter@4ae5ddc0]
2025-04-06T04:14:24.409+08:00 ERROR 15264 --- [           main] o.a.catalina.core.AprLifecycleListener   : An incompatible version [1.2.17] of the Apache Tomcat Native library is installed, while Tomcat requires version [1.2.34]
2025-04-06T04:14:24.552+08:00 DEBUG 15264 --- [           main] s.w.s.m.m.a.RequestMappingHandlerAdapter : ControllerAdvice beans: 0 @ModelAttribute, 0 @InitBinder, 1 RequestBodyAdvice, 1 ResponseBodyAdvice
2025-04-06T04:14:24.593+08:00 DEBUG 15264 --- [           main] .m.m.a.ExceptionHandlerExceptionResolver : ControllerAdvice beans: 0 @ExceptionHandler, 1 ResponseBodyAdvice
2025-04-06T04:14:24.964+08:00 DEBUG 15264 --- [           main] o.s.w.s.v.f.FreeMarkerConfigurer         : File system access not preferred: using SpringTemplateLoader
2025-04-06T04:14:25.163+08:00  INFO 15264 --- [           main] com.qdu.TrainApplicationTests            : Started TrainApplicationTests in 4.401 seconds (process running for 5.299)
2025-04-06T04:14:25.433+08:00 DEBUG 15264 --- [           main] o.s.web.client.DefaultRestClient         : Writing [EmbeddingRequest[model=text-embedding-v1, input=EmbeddingRequestInput[texts=[Hello World]], parameters=EmbeddingRequestInputParameters[textType=null]]] as "application/json" with org.springframework.http.converter.json.MappingJackson2HttpMessageConverter
2025-04-06T04:14:26.305+08:00 DEBUG 15264 --- [           main] o.s.web.client.DefaultRestClient         : Reading to [com.alibaba.cloud.ai.dashscope.api.DashScopeApi$EmbeddingList]
2025-04-06T04:14:26.322+08:00  INFO 15264 --- [           main] o.s.ai.vectorstore.SimpleVectorStore     : Calling EmbeddingModel for document id = ccc47617-28cc-4d26-a815-4b0fbbbb65a8
2025-04-06T04:14:26.325+08:00 DEBUG 15264 --- [           main] o.s.web.client.DefaultRestClient         : Writing [EmbeddingRequest[model=text-embedding-v1, input=EmbeddingRequestInput[texts=[charset: UTF-8
source: terms-of-service.txt

本服务条款适用于您对 火车订票系统 的体验。购买车票，即表示您同意这些条款。
1. 查询车票
- 所有用户均可通过查票界面或智能客服界面查询车次、余票、票价等信息。
- 但为了提供查询功能，我们可能会收集一些基本信息，如出发地、目的地、出发日期等。
- 余票信息实时更新，预售期为15天（含当日）。
2. 预订车票
- 通过我们的网站或移动应用程序预订。
- 预订时需要10分钟之内全额付款，否则会自动取消订单。
- 选择车次、座位类型（二等座、一等座、商务座等）→ 填写乘客信息→ 生成订单
- 确保个人信息（姓名、证件号号等）的准确性。
3. 退票
- 我们提供退票功能，但具体退票规则以具体退票政策为准。
- 取消费用：开车前8天以上：免退票费。开车前48小时以上：票价5%手续费。开车前24-48小时：票价10%手续费。开车前24小时内：票价20%手续费。
- 退款将在 7 个工作日内处理。
4. 投诉与建议
- 我们提供投诉与建议功能，可以直接向智能客服反馈。]], parameters=EmbeddingRequestInputParameters[textType=null]]] as "application/json" with org.springframework.http.converter.json.MappingJackson2HttpMessageConverter
2025-04-06T04:14:26.519+08:00 DEBUG 15264 --- [           main] o.s.web.client.DefaultRestClient         : Reading to [com.alibaba.cloud.ai.dashscope.api.DashScopeApi$EmbeddingList]
]]></system-out>
  </testcase>
</testsuite>